OUTPUT: 
     0000000000000000
     0000000000000000
     0000000000000000
     0000000000000000
     0000000000000000
     0000000000000000
     0000000000000000
     0000000000000000 
     0000000000000000
     0000000000000000
     0000000000000000
     0000000000000000
     0000000000000000
     0000000000000000
     0000000000000000
     0000000000000000 
     
     ||Reset: 0 || On Switch: 1 Seed: 20b541957254c386f5459bda8eac32efa1ce23c28761dea7713acc2fab412b34|| Current Generation: 0000000000000000000000000000000000000000000000000000000000000000 
New Seed: 0000200020002000000020002000200000000000000000000010001000100000
OUTPUT: 
     0000000000000000
     0000000000000000
     0000000000000000
     0000000000000000
     0000000000000000
     0000000000000000
     0000000000000000
     0000000000000000 
     0000000000000000
     0000000000000000
     0000000000000000
     0000000000000000
     0000000000000000
     0000000000000000
     0000000000000000
     0000000000000000 
     
     ||Reset: 0 || On Switch: 1 Seed: 20b541957254c386f5459bda8eac32efa1ce23c28761dea7713acc2fab412b34|| Current Generation: 0000000000000000000000000000000000000000000000000000000000000000 
OUTPUT: 
     0100001110100000
     1010100111000001
     1000110111101001
     0000000100100000
     1001000010001101
     1011000000100101
     0000010000000011
     0010000000011000 
     0011101000100001
     0110000000000001
     1000000000010010
     0001010001100001
     0000110001100100
     0000001001100100
     0101000110010100
     0000000111110000 
     
     ||Reset: 0 || On Switch: 1 Seed: 20b541957254c386f5459bda8eac32efa1ce23c28761dea7713acc2fab412b34|| Current Generation: 01f0519402640c641461801260013a2120180403b025908d01208de9a9c143a0 
OUTPUT: 
     0100001000000000
     1001100000010000
     0101110000110000
     0000101100101110
     0111000001011100
     0111100000001101
     0111000000011111
     0010110000010011 
     0000000000010000
     0110000000000011
     0110000000100011
     0000010001010010
     0000111010010010
     0000111100010110
     0000001000010000
     0000000101111000 
     
     ||Reset: 0 || On Switch: 1 Seed: 20b541957254c386f5459bda8eac32efa1ce23c28761dea7713acc2fab412b34|| Current Generation: 017802100f160e9204526023600300102c13701f780d705c0b2e5c3098104200 
OUTPUT: 
     0000000000000000
     1101000000110000
     0010001000100100
     0100001001000010
     0100010000100000
     1000100000100001
     0000010000010000
     0110100000110001 
     0111000000000000
     0110000000000011
     0110000000100100
     0000111001010110
     0000000010010011
     0000100000110110
     0000000010000100
     0000000000111000 
     
     ||Reset: 0 || On Switch: 1 Seed: 20b541957254c386f5459bda8eac32efa1ce23c28761dea7713acc2fab412b34|| Current Generation: 00380084083600930e56602460037000683104108821442042422224d0300000 
OUTPUT: 
     0000000000000000
     0110000000110000
     1010000001110000
     0110011001100000
     1100010001100000
     0000110000110000
     0101110000010000
     0100100000110000 
     1000000000000011
     1000000000000010
     0111010000101101
     0000010001010101
     0000100001010001
     0000000001110101
     0000000001000110
     0000000000011000 
     
     ||Reset: 0 || On Switch: 1 Seed: 20b541957254c386f5459bda8eac32efa1ce23c28761dea7713acc2fab412b34|| Current Generation: 00180046007508510455742d8002800348305c100c30c4606660a07060300000 
OUTPUT: 
     0000000000000000
     0110000001010000
     1001000000000000
     0010011010000000
     1110000000000000
     1111001001010000
     0011000000001000
     1111110000110000 
     1100000000000011
     1010000000000000
     0110100000111101
     0011010001010101
     0000000011010001
     0000000011010101
     0000000001000110
     0000000000001100 
     
     ||Reset: 0 || On Switch: 1 Seed: 20b541957254c386f5459bda8eac32efa1ce23c28761dea7713acc2fab412b34|| Current Generation: 000c004600d500d13455683da000c003fc303008f250e0002680900060500000 
OUTPUT: 
     0000000000000000
     0110000000000000
     0001000000000000
     1011000000000000
     1000011100000000
     1000000000000000
     0000010000001000
     1000100000010000 
     0000100000000000
     1011000000011101
     0000100000110100
     0111100011000101
     0000000000010001
     0000000000000101
     0000000011100000
     0000000000001110 
     
     ||Reset: 0 || On Switch: 1 Seed: 20b541957254c386f5459bda8eac32efa1ce23c28761dea7713acc2fab412b34|| Current Generation: 000e00e00005001178c50834b01d08008810040880008700b000100060000000 
OUTPUT: 
     0000000000000000
     0010000000000000
     0001000000000000
     0111101000000000
     1000001000000000
     0000010000000000
     0000000000000000
     0000110000000000 
     0100100000010000
     0001100000110110
     0000100001110100
     0011100001010000
     0011000000001001
     0000000001100010
     0000000001001000
     0000000001000100 
     
     ||Reset: 0 || On Switch: 1 Seed: 20b541957254c386f5459bda8eac32efa1ce23c28761dea7713acc2fab412b34|| Current Generation: 004400480062300938500874183648100c000000040082007a00100020000000 
OUTPUT: 
     0000000000000000
     0000000000000000
     0100100000000000
     0111110000000000
     0111101000000000
     0000000000000000
     0000110000000000
     0000110000000000 
     0000000000111000
     0001110001000110
     0010010001000110
     0010100001010000
     0010100001010000
     0000000001110100
     0000000011000100
     0000000000000000 
     
     ||Reset: 0 || On Switch: 1 Seed: 20b541957254c386f5459bda8eac32efa1ce23c28761dea7713acc2fab412b34|| Current Generation: 000000c400742850285024461c4600380c000c0000007a007c00480000000000 
OUTPUT: 
     0000000000000000
     0000000000000000
     0100110000000000
     1000000000000000
     0100000000000000
     0010000000000000
     0000110000000000
     0000110000010000 
     0001000000111100
     0001110001010010
     0010010011001110
     0110110011001000
     0000000011010000
     0000000000010000
     0000000011001000
     0000000000000000 
     
     ||Reset: 0 || On Switch: 1 Seed: 20b541957254c386f5459bda8eac32efa1ce23c28761dea7713acc2fab412b34|| Current Generation: 000000c8001000d06cc824ce1c52103c0c100c002000400080004c0000000000 
OUTPUT: 
     0000000000000000
     0000000000000000
     0000000000000000
     1100000000000000
     0100000000000000
     0000000000000000
     0001110000000000
     0001010000110000 
     0001000000000100
     0011010011000010
     0110001000011010
     0111110100011000
     0000000011011000
     0000000000011000
     0000000000000000
     0000000000000000 
     
     ||Reset: 0 || On Switch: 1 Seed: 20b541957254c386f5459bda8eac32efa1ce23c28761dea7713acc2fab412b34|| Current Generation: 00000000001800d87d18621a34c2100414301c0000004000c000000000000000 
OUTPUT: 
     0000000000000000
     0000000000000000
     0000000000000000
     1100000000000000
     1100000000000000
     0000100000000000
     0001010000000000
     0011010000000000 
     0001000001100000
     0101100000001010
     0000001110111000
     0101111110000000
     0011100010000100
     0000000000111000
     0000000000000000
     0000000000000000 
     
     ||Reset: 0 || On Switch: 1 Seed: 20b541957254c386f5459bda8eac32efa1ce23c28761dea7713acc2fab412b34|| Current Generation: 00000000003838845f8003b8580a1060340014000800c000c000000000000000 
